    Year  Avg Error  Max Error Avg Accuracy     MSE    R2  MedAE
0   2011       4.47      71.14       93.71%   56.03  0.60   2.38
1   2012       4.47      71.69       93.76%   53.07  0.55   2.48
2   2013       4.32      54.56       92.09%   50.34  0.55   2.39
3   2014       3.77      58.45       93.54%   39.60  0.73   2.05
4   2015       3.37      68.37       95.07%   36.62  0.76   1.54
5   2016       4.60     101.15       95.45%   62.54  0.71   2.54
6   2017       4.12      75.18       94.52%   55.36  0.78   1.84
7   2018       3.81      51.33       92.58%   45.11  0.79   1.73
8   2019       3.92      61.64       93.63%   48.91  0.78   1.81
9   2020       7.89      94.74       91.68%  170.57  0.59   4.19
10  2021      12.72     184.75       93.11%  374.52  0.35   8.68
11  2022      13.20     231.50        94.3%  382.75  0.29   9.56

    Year  KL Divergence  Wasserstein Distance
0   2011          1.337                 0.395
1   2012          0.648                 0.309
2   2013          0.224                 0.193
3   2014          0.248                 0.217
4   2015          0.045                 0.090
5   2016          0.013                 0.050
6   2017          0.000                 0.003
7   2018          0.050                 0.122
8   2019          0.073                 0.152
9   2020          0.111                 0.247
10  2021          0.339                 0.467
11  2022          0.478                 0.532

    FIPS  2022 Absolute Errors
0  55078                231.50
1  21011                131.53
2  39163                106.40
3  21129                102.89
4  55083                101.51
5  21153                 90.60
6  51670                 86.24
7  45011                 85.72
8  06015                 82.25
9  22125                 79.94
