14:46:25 Training model --------------------------------

14:46:26 Epoch 1/100, Training Loss: 11.9399
14:46:26 Epoch 1/100, Validation Loss: 31.5389

14:46:26 Epoch 2/100, Training Loss: 12.1496
14:46:26 Epoch 2/100, Validation Loss: 9.4164

14:46:27 Epoch 3/100, Training Loss: 10.8393
14:46:27 Epoch 3/100, Validation Loss: 6.467

14:46:27 Epoch 4/100, Training Loss: 6.9219
14:46:27 Epoch 4/100, Validation Loss: 5.3685

14:46:27 Epoch 5/100, Training Loss: 5.1072
14:46:27 Epoch 5/100, Validation Loss: 4.9066

14:46:27 Epoch 6/100, Training Loss: 6.3894
14:46:27 Epoch 6/100, Validation Loss: 4.9283

14:46:28 Epoch 7/100, Training Loss: 4.3671
14:46:28 Epoch 7/100, Validation Loss: 4.7338

14:46:28 Epoch 8/100, Training Loss: 5.8484
14:46:28 Epoch 8/100, Validation Loss: 3.8874

14:46:28 Epoch 9/100, Training Loss: 4.5636
14:46:28 Epoch 9/100, Validation Loss: 3.8782

14:46:29 Epoch 10/100, Training Loss: 4.3403
14:46:29 Epoch 10/100, Validation Loss: 3.8072

14:46:29 Epoch 11/100, Training Loss: 4.2146
14:46:29 Epoch 11/100, Validation Loss: 3.7495

14:46:29 Epoch 12/100, Training Loss: 4.2348
14:46:29 Epoch 12/100, Validation Loss: 3.7677

14:46:29 Epoch 13/100, Training Loss: 4.1362
14:46:29 Epoch 13/100, Validation Loss: 3.7396

14:46:30 Epoch 14/100, Training Loss: 4.1361
14:46:30 Epoch 14/100, Validation Loss: 3.7388

14:46:30 Epoch 15/100, Training Loss: 4.0941
14:46:30 Epoch 15/100, Validation Loss: 3.7264

14:46:30 Epoch 16/100, Training Loss: 4.0875
14:46:30 Epoch 16/100, Validation Loss: 3.7267

14:46:30 Epoch 17/100, Training Loss: 4.0595
14:46:30 Epoch 17/100, Validation Loss: 3.7195

14:46:31 Epoch 18/100, Training Loss: 4.0592
14:46:31 Epoch 18/100, Validation Loss: 3.7208

14:46:31 Epoch 19/100, Training Loss: 4.0386
14:46:31 Epoch 19/100, Validation Loss: 3.7164

14:46:31 Epoch 20/100, Training Loss: 4.0355
14:46:31 Epoch 20/100, Validation Loss: 3.7177

14:46:31 Epoch 21/100, Training Loss: 4.0219
14:46:31 Epoch 21/100, Validation Loss: 3.7111

14:46:32 Epoch 22/100, Training Loss: 4.0163
14:46:32 Epoch 22/100, Validation Loss: 3.7107

14:46:32 Epoch 23/100, Training Loss: 4.0074
14:46:32 Epoch 23/100, Validation Loss: 3.7079

14:46:32 Epoch 24/100, Training Loss: 3.9997
14:46:32 Epoch 24/100, Validation Loss: 3.7079

14:46:33 Epoch 25/100, Training Loss: 3.9914
14:46:33 Epoch 25/100, Validation Loss: 3.708

14:46:33 Epoch 26/100, Training Loss: 3.9856
14:46:33 Epoch 26/100, Validation Loss: 3.7049

14:46:33 Epoch 27/100, Training Loss: 3.9786
14:46:33 Epoch 27/100, Validation Loss: 3.7011

14:46:33 Epoch 28/100, Training Loss: 3.9695
14:46:33 Epoch 28/100, Validation Loss: 3.7009

14:46:34 Epoch 29/100, Training Loss: 3.9644
14:46:34 Epoch 29/100, Validation Loss: 3.7015

14:46:34 Epoch 30/100, Training Loss: 3.9558
14:46:34 Epoch 30/100, Validation Loss: 3.6989

14:46:34 Epoch 31/100, Training Loss: 3.9498
14:46:34 Epoch 31/100, Validation Loss: 3.697

14:46:34 Epoch 32/100, Training Loss: 3.9413
14:46:34 Epoch 32/100, Validation Loss: 3.6952

14:46:35 Epoch 33/100, Training Loss: 3.9361
14:46:35 Epoch 33/100, Validation Loss: 3.6942

14:46:35 Epoch 34/100, Training Loss: 3.927
14:46:35 Epoch 34/100, Validation Loss: 3.6935

14:46:35 Epoch 35/100, Training Loss: 3.9215
14:46:35 Epoch 35/100, Validation Loss: 3.6919

14:46:35 Epoch 36/100, Training Loss: 3.9119
14:46:35 Epoch 36/100, Validation Loss: 3.6876

14:46:36 Epoch 37/100, Training Loss: 3.9049
14:46:36 Epoch 37/100, Validation Loss: 3.6858

14:46:36 Epoch 38/100, Training Loss: 3.8991
14:46:36 Epoch 38/100, Validation Loss: 3.6863

14:46:36 Epoch 39/100, Training Loss: 3.8889
14:46:36 Epoch 39/100, Validation Loss: 3.6828

14:46:36 Epoch 40/100, Training Loss: 3.8831
14:46:36 Epoch 40/100, Validation Loss: 3.6807

14:46:36 Epoch 41/100, Training Loss: 3.8753
14:46:36 Epoch 41/100, Validation Loss: 3.6788

14:46:37 Epoch 42/100, Training Loss: 3.8659
14:46:37 Epoch 42/100, Validation Loss: 3.6769

14:46:37 Epoch 43/100, Training Loss: 3.8594
14:46:37 Epoch 43/100, Validation Loss: 3.6767

14:46:37 Epoch 44/100, Training Loss: 3.8531
14:46:37 Epoch 44/100, Validation Loss: 3.6776

14:46:37 Epoch 45/100, Training Loss: 3.8418
14:46:37 Epoch 45/100, Validation Loss: 3.6726

14:46:38 Epoch 46/100, Training Loss: 3.8356
14:46:38 Epoch 46/100, Validation Loss: 3.6723

14:46:38 Epoch 47/100, Training Loss: 3.8287
14:46:38 Epoch 47/100, Validation Loss: 3.6738

14:46:38 Epoch 48/100, Training Loss: 3.819
14:46:38 Epoch 48/100, Validation Loss: 3.6714

14:46:38 Epoch 49/100, Training Loss: 3.8102
14:46:38 Epoch 49/100, Validation Loss: 3.6678

14:46:39 Epoch 50/100, Training Loss: 3.8057
14:46:39 Epoch 50/100, Validation Loss: 3.6671

14:46:39 Epoch 51/100, Training Loss: 3.7946
14:46:39 Epoch 51/100, Validation Loss: 3.6665

14:46:39 Epoch 52/100, Training Loss: 3.7845
14:46:39 Epoch 52/100, Validation Loss: 3.6616

14:46:39 Epoch 53/100, Training Loss: 3.7801
14:46:39 Epoch 53/100, Validation Loss: 3.6619

14:46:40 Epoch 54/100, Training Loss: 3.7737
14:46:40 Epoch 54/100, Validation Loss: 3.6638

14:46:40 Epoch 55/100, Training Loss: 3.7559
14:46:40 Epoch 55/100, Validation Loss: 3.6545

14:46:40 Epoch 56/100, Training Loss: 3.7569
14:46:40 Epoch 56/100, Validation Loss: 3.6559

14:46:40 Epoch 57/100, Training Loss: 3.744
14:46:40 Epoch 57/100, Validation Loss: 3.6543

14:46:41 Epoch 58/100, Training Loss: 3.7332
14:46:41 Epoch 58/100, Validation Loss: 3.6503

14:46:41 Epoch 59/100, Training Loss: 3.7296
14:46:41 Epoch 59/100, Validation Loss: 3.6503

14:46:41 Epoch 60/100, Training Loss: 3.7209
14:46:41 Epoch 60/100, Validation Loss: 3.6537

14:46:41 Epoch 61/100, Training Loss: 3.7039
14:46:41 Epoch 61/100, Validation Loss: 3.6451

14:46:42 Epoch 62/100, Training Loss: 3.7014
14:46:42 Epoch 62/100, Validation Loss: 3.6464

14:46:42 Epoch 63/100, Training Loss: 3.6944
14:46:42 Epoch 63/100, Validation Loss: 3.6473

14:46:42 Epoch 64/100, Training Loss: 3.6776
14:46:42 Epoch 64/100, Validation Loss: 3.6432

14:46:42 Epoch 65/100, Training Loss: 3.6718
14:46:42 Epoch 65/100, Validation Loss: 3.6416

14:46:43 Epoch 66/100, Training Loss: 3.668
14:46:43 Epoch 66/100, Validation Loss: 3.6458

14:46:43 Epoch 67/100, Training Loss: 3.65
14:46:43 Epoch 67/100, Validation Loss: 3.6424

14:46:43 Epoch 68/100, Training Loss: 3.6391
14:46:43 Epoch 68/100, Validation Loss: 3.6354

14:46:43 Epoch 69/100, Training Loss: 3.6424
14:46:43 Epoch 69/100, Validation Loss: 3.6408

14:46:44 Epoch 70/100, Training Loss: 3.6229
14:46:44 Epoch 70/100, Validation Loss: 3.6387

14:46:44 Epoch 71/100, Training Loss: 3.6089
14:46:44 Epoch 71/100, Validation Loss: 3.6322

14:46:44 Epoch 72/100, Training Loss: 3.6108
14:46:44 Epoch 72/100, Validation Loss: 3.6403

14:46:44 Epoch 73/100, Training Loss: 3.5937
14:46:44 Epoch 73/100, Validation Loss: 3.6401

14:46:44 Epoch 74/100, Training Loss: 3.5781
14:46:44 Epoch 74/100, Validation Loss: 3.6328

14:46:45 Epoch 75/100, Training Loss: 3.5841
14:46:45 Epoch 75/100, Validation Loss: 3.6425

14:46:45 Epoch 76/100, Training Loss: 3.5614
14:46:45 Epoch 76/100, Validation Loss: 3.6402

14:46:45 Early stopping at epoch 76 with best validation loss: 3.6322
14:46:45 Model training complete and saved --------------------------------

14:46:45 Testing model --------------------------------

14:46:45 Test loss for 2022 predictions: 10.8315
14:46:45 Model testing complete --------------------------------

