11:00:10 
📊 Percentile Summary for 2010:
11:00:10     0th percentile = 0.00
11:00:10     5th percentile = 0.00
11:00:10    10th percentile = 0.00
11:00:10    15th percentile = 0.00
11:00:10    20th percentile = 0.00
11:00:10    25th percentile = 0.00
11:00:10    30th percentile = 0.00
11:00:10    35th percentile = 2.25
11:00:10    40th percentile = 4.21
11:00:10    45th percentile = 5.92
11:00:10    50th percentile = 7.53
11:00:10    55th percentile = 8.91
11:00:10    60th percentile = 10.28
11:00:10    65th percentile = 11.65
11:00:10    70th percentile = 13.24
11:00:10    75th percentile = 14.79
11:00:10    80th percentile = 16.69
11:00:10    85th percentile = 19.07
11:00:10    90th percentile = 22.52
11:00:10    95th percentile = 28.21
11:00:10   100th percentile = 126.85
11:00:10 Year 2010: Low cutoff is 0.00, high cutoff is 37.76
11:00:10   Cold anomalies: 947
11:00:10   Hot anomalies:  63
11:00:10 
📊 Percentile Summary for 2011:
11:00:10     0th percentile = 0.00
11:00:10     5th percentile = 0.00
11:00:10    10th percentile = 0.00
11:00:10    15th percentile = 0.00
11:00:10    20th percentile = 0.00
11:00:10    25th percentile = 0.00
11:00:10    30th percentile = 0.37
11:00:10    35th percentile = 2.71
11:00:10    40th percentile = 4.78
11:00:10    45th percentile = 6.86
11:00:10    50th percentile = 8.66
11:00:10    55th percentile = 10.14
11:00:10    60th percentile = 11.64
11:00:10    65th percentile = 12.96
11:00:10    70th percentile = 14.04
11:00:10    75th percentile = 15.48
11:00:10    80th percentile = 17.33
11:00:10    85th percentile = 19.64
11:00:10    90th percentile = 22.92
11:00:10    95th percentile = 28.84
11:00:10   100th percentile = 132.37
11:00:10 Year 2011: Low cutoff is 0.00, high cutoff is 41.89
11:00:10   Cold anomalies: 924
11:00:10   Hot anomalies:  63
11:00:10 
📊 Percentile Summary for 2012:
11:00:10     0th percentile = 0.00
11:00:10     5th percentile = 0.00
11:00:10    10th percentile = 0.00
11:00:10    15th percentile = 0.00
11:00:10    20th percentile = 0.00
11:00:10    25th percentile = 0.00
11:00:10    30th percentile = 0.34
11:00:10    35th percentile = 2.61
11:00:10    40th percentile = 4.67
11:00:10    45th percentile = 6.84
11:00:10    50th percentile = 8.45
11:00:10    55th percentile = 10.08
11:00:10    60th percentile = 11.49
11:00:10    65th percentile = 12.73
11:00:10    70th percentile = 14.03
11:00:10    75th percentile = 15.58
11:00:10    80th percentile = 17.46
11:00:10    85th percentile = 19.52
11:00:10    90th percentile = 23.05
11:00:10    95th percentile = 28.61
11:00:10   100th percentile = 98.48
11:00:10 Year 2012: Low cutoff is 0.00, high cutoff is 37.93
11:00:10   Cold anomalies: 928
11:00:10   Hot anomalies:  63
11:00:10 
📊 Percentile Summary for 2013:
11:00:10     0th percentile = 0.00
11:00:10     5th percentile = 0.00
11:00:10    10th percentile = 0.00
11:00:10    15th percentile = 0.00
11:00:10    20th percentile = 0.00
11:00:10    25th percentile = 0.00
11:00:10    30th percentile = 1.23
11:00:10    35th percentile = 3.57
11:00:10    40th percentile = 5.56
11:00:10    45th percentile = 7.49
11:00:10    50th percentile = 9.07
11:00:10    55th percentile = 10.75
11:00:10    60th percentile = 12.12
11:00:10    65th percentile = 13.49
11:00:10    70th percentile = 14.89
11:00:10    75th percentile = 16.26
11:00:10    80th percentile = 18.38
11:00:10    85th percentile = 20.63
11:00:10    90th percentile = 23.75
11:00:10    95th percentile = 28.80
11:00:10   100th percentile = 100.59
11:00:10 Year 2013: Low cutoff is 0.00, high cutoff is 35.92
11:00:10   Cold anomalies: 883
11:00:10   Hot anomalies:  63
11:00:10 
📊 Percentile Summary for 2014:
11:00:10     0th percentile = 0.00
11:00:10     5th percentile = 0.00
11:00:10    10th percentile = 0.00
11:00:10    15th percentile = 0.00
11:00:10    20th percentile = 0.00
11:00:10    25th percentile = 0.00
11:00:10    30th percentile = 1.78
11:00:10    35th percentile = 3.91
11:00:10    40th percentile = 6.11
11:00:10    45th percentile = 8.01
11:00:10    50th percentile = 9.69
11:00:10    55th percentile = 11.57
11:00:10    60th percentile = 13.15
11:00:10    65th percentile = 14.63
11:00:10    70th percentile = 16.23
11:00:10    75th percentile = 17.98
11:00:10    80th percentile = 20.38
11:00:10    85th percentile = 23.16
11:00:10    90th percentile = 26.65
11:00:10    95th percentile = 33.00
11:00:10   100th percentile = 100.56
11:00:10 Year 2014: Low cutoff is 0.00, high cutoff is 43.35
11:00:10   Cold anomalies: 842
11:00:10   Hot anomalies:  63
11:00:10 
📊 Percentile Summary for 2015:
11:00:10     0th percentile = 0.00
11:00:10     5th percentile = 0.00
11:00:10    10th percentile = 0.00
11:00:10    15th percentile = 0.00
11:00:10    20th percentile = 0.00
11:00:10    25th percentile = 0.00
11:00:10    30th percentile = 2.27
11:00:10    35th percentile = 4.74
11:00:10    40th percentile = 6.89
11:00:10    45th percentile = 8.92
11:00:10    50th percentile = 10.72
11:00:10    55th percentile = 12.50
11:00:10    60th percentile = 14.32
11:00:10    65th percentile = 15.88
11:00:10    70th percentile = 17.59
11:00:10    75th percentile = 19.28
11:00:10    80th percentile = 21.54
11:00:10    85th percentile = 24.12
11:00:10    90th percentile = 27.95
11:00:10    95th percentile = 34.22
11:00:10   100th percentile = 141.16
11:00:10 Year 2015: Low cutoff is 0.00, high cutoff is 42.75
11:00:10   Cold anomalies: 822
11:00:10   Hot anomalies:  63
11:00:10 
📊 Percentile Summary for 2016:
11:00:10     0th percentile = 0.00
11:00:10     5th percentile = 0.00
11:00:10    10th percentile = 0.00
11:00:10    15th percentile = 0.00
11:00:10    20th percentile = 0.00
11:00:10    25th percentile = 0.00
11:00:10    30th percentile = 3.01
11:00:10    35th percentile = 5.43
11:00:10    40th percentile = 8.08
11:00:10    45th percentile = 10.35
11:00:10    50th percentile = 12.46
11:00:10    55th percentile = 14.34
11:00:10    60th percentile = 16.23
11:00:10    65th percentile = 18.21
11:00:10    70th percentile = 20.60
11:00:10    75th percentile = 22.50
11:00:10    80th percentile = 25.58
11:00:10    85th percentile = 28.87
11:00:10    90th percentile = 33.37
11:00:10    95th percentile = 41.06
11:00:10   100th percentile = 134.08
11:00:10 Year 2016: Low cutoff is 0.00, high cutoff is 52.53
11:00:10   Cold anomalies: 787
11:00:10   Hot anomalies:  63
11:00:10 
📊 Percentile Summary for 2017:
11:00:10     0th percentile = 0.00
11:00:10     5th percentile = 0.00
11:00:10    10th percentile = 0.00
11:00:10    15th percentile = 0.00
11:00:10    20th percentile = 0.00
11:00:10    25th percentile = 0.00
11:00:10    30th percentile = 3.66
11:00:10    35th percentile = 6.19
11:00:10    40th percentile = 8.92
11:00:10    45th percentile = 11.55
11:00:10    50th percentile = 13.54
11:00:10    55th percentile = 15.58
11:00:10    60th percentile = 17.23
11:00:10    65th percentile = 19.42
11:00:10    70th percentile = 21.91
11:00:10    75th percentile = 23.92
11:00:10    80th percentile = 26.52
11:00:10    85th percentile = 30.76
11:00:10    90th percentile = 35.78
11:00:10    95th percentile = 44.13
11:00:10   100th percentile = 152.70
11:00:10 Year 2017: Low cutoff is 0.00, high cutoff is 57.01
11:00:10   Cold anomalies: 796
11:00:10   Hot anomalies:  63
11:00:10 
📊 Percentile Summary for 2018:
11:00:10     0th percentile = 0.00
11:00:10     5th percentile = 0.00
11:00:10    10th percentile = 0.00
11:00:10    15th percentile = 0.00
11:00:10    20th percentile = 0.00
11:00:10    25th percentile = 0.00
11:00:10    30th percentile = 2.84
11:00:10    35th percentile = 5.31
11:00:10    40th percentile = 8.00
11:00:10    45th percentile = 10.29
11:00:10    50th percentile = 12.82
11:00:10    55th percentile = 14.72
11:00:10    60th percentile = 16.86
11:00:10    65th percentile = 18.93
11:00:10    70th percentile = 21.40
11:00:10    75th percentile = 23.77
11:00:10    80th percentile = 26.85
11:00:10    85th percentile = 29.72
11:00:10    90th percentile = 34.23
11:00:10    95th percentile = 41.11
11:00:10   100th percentile = 123.36
11:00:10 Year 2018: Low cutoff is 0.00, high cutoff is 52.79
11:00:10   Cold anomalies: 812
11:00:10   Hot anomalies:  63
11:00:10 
📊 Percentile Summary for 2019:
11:00:10     0th percentile = 0.00
11:00:10     5th percentile = 0.00
11:00:10    10th percentile = 0.00
11:00:10    15th percentile = 0.00
11:00:10    20th percentile = 0.00
11:00:10    25th percentile = 0.53
11:00:10    30th percentile = 3.55
11:00:10    35th percentile = 6.59
11:00:10    40th percentile = 9.02
11:00:10    45th percentile = 11.16
11:00:10    50th percentile = 13.12
11:00:10    55th percentile = 15.10
11:00:10    60th percentile = 17.20
11:00:10    65th percentile = 19.49
11:00:10    70th percentile = 21.48
11:00:10    75th percentile = 24.05
11:00:10    80th percentile = 26.95
11:00:10    85th percentile = 30.29
11:00:10    90th percentile = 35.04
11:00:10    95th percentile = 42.14
11:00:10   100th percentile = 119.13
11:00:10 Year 2019: Low cutoff is 0.00, high cutoff is 50.47
11:00:10   Cold anomalies: 768
11:00:10   Hot anomalies:  63
11:00:10 
📊 Percentile Summary for 2020:
11:00:10     0th percentile = 0.00
11:00:10     5th percentile = 0.00
11:00:10    10th percentile = 0.00
11:00:10    15th percentile = 0.00
11:00:10    20th percentile = 0.00
11:00:10    25th percentile = 4.22
11:00:10    30th percentile = 8.52
11:00:10    35th percentile = 11.56
11:00:10    40th percentile = 14.15
11:00:10    45th percentile = 16.71
11:00:10    50th percentile = 18.95
11:00:10    55th percentile = 21.30
11:00:10    60th percentile = 23.69
11:00:10    65th percentile = 26.64
11:00:10    70th percentile = 29.51
11:00:10    75th percentile = 32.82
11:00:10    80th percentile = 35.99
11:00:10    85th percentile = 40.75
11:00:10    90th percentile = 46.55
11:00:10    95th percentile = 58.65
11:00:10   100th percentile = 171.44
11:00:10 Year 2020: Low cutoff is 0.00, high cutoff is 73.34
11:00:10   Cold anomalies: 635
11:00:10   Hot anomalies:  63
11:00:10 
📊 Percentile Summary for 2021:
11:00:10     0th percentile = 0.00
11:00:10     5th percentile = 0.00
11:00:10    10th percentile = 0.00
11:00:10    15th percentile = 0.00
11:00:10    20th percentile = 2.96
11:00:10    25th percentile = 8.80
11:00:10    30th percentile = 12.90
11:00:10    35th percentile = 16.03
11:00:10    40th percentile = 18.94
11:00:10    45th percentile = 21.62
11:00:10    50th percentile = 24.32
11:00:10    55th percentile = 27.53
11:00:10    60th percentile = 30.36
11:00:10    65th percentile = 33.39
11:00:10    70th percentile = 36.15
11:00:10    75th percentile = 39.30
11:00:10    80th percentile = 43.14
11:00:10    85th percentile = 48.32
11:00:10    90th percentile = 55.95
11:00:10    95th percentile = 69.47
11:00:10   100th percentile = 212.38
11:00:10 Year 2021: Low cutoff is 0.00, high cutoff is 91.76
11:00:10   Cold anomalies: 553
11:00:10   Hot anomalies:  63
11:00:10 
📊 Percentile Summary for 2022:
11:00:10     0th percentile = 0.00
11:00:10     5th percentile = 0.00
11:00:10    10th percentile = 0.00
11:00:10    15th percentile = 0.00
11:00:10    20th percentile = 3.11
11:00:10    25th percentile = 9.62
11:00:10    30th percentile = 13.40
11:00:10    35th percentile = 16.59
11:00:10    40th percentile = 19.69
11:00:10    45th percentile = 22.93
11:00:10    50th percentile = 25.45
11:00:10    55th percentile = 28.09
11:00:10    60th percentile = 30.51
11:00:10    65th percentile = 33.32
11:00:10    70th percentile = 36.00
11:00:10    75th percentile = 39.11
11:00:10    80th percentile = 43.20
11:00:10    85th percentile = 48.17
11:00:10    90th percentile = 54.66
11:00:10    95th percentile = 67.45
11:00:10   100th percentile = 238.27
11:00:10 Year 2022: Low cutoff is 0.00, high cutoff is 86.86
11:00:10   Cold anomalies: 567
11:00:10   Hot anomalies:  63
11:00:10 Anomaly detection completed and saved.
