10:07:05 Fold 1/7: --------------------------------

10:07:05 Training model --------------------------------

10:07:18 Epoch 1/50, Training Loss: 44.1272
10:07:21 Epoch 2/50, Training Loss: 25.0559
10:07:25 Epoch 3/50, Training Loss: 14.5668
10:07:29 Epoch 4/50, Training Loss: 11.9415
10:07:32 Epoch 5/50, Training Loss: 8.6952
10:07:45 Epoch 6/50, Training Loss: 6.1808
10:08:12 Epoch 7/50, Training Loss: 5.8719
10:08:15 Epoch 8/50, Training Loss: 4.7758
10:08:19 Epoch 9/50, Training Loss: 4.4986
10:08:23 Epoch 10/50, Training Loss: 4.3069
10:08:27 Epoch 11/50, Training Loss: 4.033
10:08:30 Epoch 12/50, Training Loss: 4.0539
10:08:59 Epoch 13/50, Training Loss: 3.9246
10:09:05 Epoch 14/50, Training Loss: 3.8733
10:09:08 Epoch 15/50, Training Loss: 3.8657
10:09:12 Epoch 16/50, Training Loss: 3.8109
10:09:16 Epoch 17/50, Training Loss: 3.8125
10:09:19 Epoch 18/50, Training Loss: 3.7872
10:09:28 Epoch 19/50, Training Loss: 3.7886
10:10:03 Epoch 20/50, Training Loss: 3.7749
10:10:06 Epoch 21/50, Training Loss: 3.7651
10:10:09 Epoch 22/50, Training Loss: 3.7554
10:10:13 Epoch 23/50, Training Loss: 3.7459
10:10:17 Epoch 24/50, Training Loss: 3.7375
10:10:21 Epoch 25/50, Training Loss: 3.732
10:10:47 Epoch 26/50, Training Loss: 3.7264
10:11:00 Epoch 27/50, Training Loss: 3.7214
10:11:04 Epoch 28/50, Training Loss: 3.7181
10:11:08 Epoch 29/50, Training Loss: 3.7186
10:11:12 Epoch 30/50, Training Loss: 3.7185
10:11:15 Epoch 31/50, Training Loss: 3.7189
10:11:31 Epoch 32/50, Training Loss: 3.7108
10:11:52 Epoch 33/50, Training Loss: 3.7
10:11:55 Epoch 34/50, Training Loss: 3.6961
10:11:59 Epoch 35/50, Training Loss: 3.6911
10:12:03 Epoch 36/50, Training Loss: 3.6913
10:12:07 Epoch 37/50, Training Loss: 3.6866
10:12:10 Epoch 38/50, Training Loss: 3.6922
10:12:47 Epoch 39/50, Training Loss: 3.6922
10:12:53 Epoch 40/50, Training Loss: 3.6968
10:12:57 Epoch 41/50, Training Loss: 3.6829
10:13:01 Epoch 42/50, Training Loss: 3.6786
10:13:05 Epoch 43/50, Training Loss: 3.6713
10:13:08 Epoch 44/50, Training Loss: 3.6735
10:13:22 Epoch 45/50, Training Loss: 3.6678
10:13:51 Epoch 46/50, Training Loss: 3.6683
10:13:54 Epoch 47/50, Training Loss: 3.6637
10:13:58 Epoch 48/50, Training Loss: 3.6632
10:14:02 Epoch 49/50, Training Loss: 3.6583
10:14:05 Epoch 50/50, Training Loss: 3.6614
10:14:05 Model training complete and best model saved --------------------------------

10:14:05 Testing model --------------------------------

10:14:07 Test loss on 2020 reconstructions: 6.2044
10:14:07 Model testing complete --------------------------------

10:14:08 Best model updated from this fold based on test loss.
10:14:08 Model testing complete --------------------------------

10:14:08 Fold 2/7: --------------------------------

10:14:08 Training model --------------------------------

10:14:46 Epoch 1/50, Training Loss: 44.4071
10:14:56 Epoch 2/50, Training Loss: 25.768
10:14:59 Epoch 3/50, Training Loss: 15.0731
10:15:02 Epoch 4/50, Training Loss: 12.1214
10:15:05 Epoch 5/50, Training Loss: 8.7614
10:15:08 Epoch 6/50, Training Loss: 6.1117
10:15:11 Epoch 7/50, Training Loss: 5.7742
10:15:14 Epoch 8/50, Training Loss: 4.9219
10:15:39 Epoch 9/50, Training Loss: 4.7747
10:15:56 Epoch 10/50, Training Loss: 4.6303
10:15:58 Epoch 11/50, Training Loss: 4.3021
10:16:01 Epoch 12/50, Training Loss: 4.4735
10:16:04 Epoch 13/50, Training Loss: 4.2727
10:16:08 Epoch 14/50, Training Loss: 4.2323
10:16:11 Epoch 15/50, Training Loss: 4.2089
10:16:14 Epoch 16/50, Training Loss: 4.1609
10:16:22 Epoch 17/50, Training Loss: 4.1453
10:16:52 Epoch 18/50, Training Loss: 4.099
10:16:56 Epoch 19/50, Training Loss: 4.1043
10:16:59 Epoch 20/50, Training Loss: 4.0785
10:17:02 Epoch 21/50, Training Loss: 4.0755
10:17:05 Epoch 22/50, Training Loss: 4.0625
10:17:09 Epoch 23/50, Training Loss: 4.0605
10:17:12 Epoch 24/50, Training Loss: 4.0474
10:17:14 Epoch 25/50, Training Loss: 4.045
10:17:44 Epoch 26/50, Training Loss: 4.0338
10:17:53 Epoch 27/50, Training Loss: 4.031
10:17:56 Epoch 28/50, Training Loss: 4.02
10:17:59 Epoch 29/50, Training Loss: 4.0239
10:18:02 Epoch 30/50, Training Loss: 4.0138
10:18:05 Epoch 31/50, Training Loss: 4.0213
10:18:09 Epoch 32/50, Training Loss: 4.0207
10:18:11 Epoch 33/50, Training Loss: 4.028
10:18:26 Epoch 34/50, Training Loss: 4.0033
10:18:51 Epoch 35/50, Training Loss: 4.0043
10:18:54 Epoch 36/50, Training Loss: 3.9912
10:18:56 Epoch 37/50, Training Loss: 3.9909
10:19:00 Epoch 38/50, Training Loss: 3.9805
10:19:03 Epoch 39/50, Training Loss: 3.9856
10:19:06 Epoch 40/50, Training Loss: 3.9816
10:19:09 Epoch 41/50, Training Loss: 3.9862
10:19:12 Epoch 42/50, Training Loss: 3.987
10:19:42 Epoch 43/50, Training Loss: 3.9815
10:19:42 Early stopping at epoch 43 with best training loss: 3.9805
10:19:42 Model training complete and best model saved --------------------------------

10:19:42 Testing model --------------------------------

10:19:44 Test loss on 2020 reconstructions: 4.2451
10:19:44 Model testing complete --------------------------------

10:19:46 Best model updated from this fold based on test loss.
10:19:46 Model testing complete --------------------------------

10:19:46 Fold 3/7: --------------------------------

10:19:46 Training model --------------------------------

10:19:55 Epoch 1/50, Training Loss: 44.6551
10:19:57 Epoch 2/50, Training Loss: 25.7985
10:19:59 Epoch 3/50, Training Loss: 15.4849
10:20:01 Epoch 4/50, Training Loss: 12.6765
10:20:04 Epoch 5/50, Training Loss: 8.7336
10:20:07 Epoch 6/50, Training Loss: 6.5318
10:20:10 Epoch 7/50, Training Loss: 5.8325
10:20:12 Epoch 8/50, Training Loss: 4.9815
10:20:15 Epoch 9/50, Training Loss: 4.8557
10:20:32 Epoch 10/50, Training Loss: 4.6421
10:20:49 Epoch 11/50, Training Loss: 4.2817
10:20:52 Epoch 12/50, Training Loss: 4.3731
10:20:54 Epoch 13/50, Training Loss: 4.2431
10:20:57 Epoch 14/50, Training Loss: 4.1647
10:20:59 Epoch 15/50, Training Loss: 4.1153
10:21:02 Epoch 16/50, Training Loss: 4.0992
10:21:05 Epoch 17/50, Training Loss: 4.076
10:21:07 Epoch 18/50, Training Loss: 4.044
10:21:21 Epoch 19/50, Training Loss: 4.0256
10:21:46 Epoch 20/50, Training Loss: 4.023
10:21:50 Epoch 21/50, Training Loss: 3.9924
10:21:52 Epoch 22/50, Training Loss: 4.0004
10:21:55 Epoch 23/50, Training Loss: 3.9803
10:21:57 Epoch 24/50, Training Loss: 3.9857
10:22:00 Epoch 25/50, Training Loss: 3.966
10:22:03 Epoch 26/50, Training Loss: 3.9705
10:22:06 Epoch 27/50, Training Loss: 3.9465
10:22:08 Epoch 28/50, Training Loss: 3.9517
10:22:10 Epoch 29/50, Training Loss: 3.9323
10:22:38 Epoch 30/50, Training Loss: 3.9361
10:22:48 Epoch 31/50, Training Loss: 3.9213
10:22:50 Epoch 32/50, Training Loss: 3.9239
10:22:52 Epoch 33/50, Training Loss: 3.9144
10:22:55 Epoch 34/50, Training Loss: 3.9146
10:22:58 Epoch 35/50, Training Loss: 3.9117
10:23:01 Epoch 36/50, Training Loss: 3.9138
10:23:03 Epoch 37/50, Training Loss: 3.9025
10:23:06 Epoch 38/50, Training Loss: 3.9041
10:23:08 Epoch 39/50, Training Loss: 3.8888
10:23:37 Epoch 40/50, Training Loss: 3.8888
10:23:43 Epoch 41/50, Training Loss: 3.8798
10:23:46 Epoch 42/50, Training Loss: 3.8802
10:23:48 Epoch 43/50, Training Loss: 3.8722
10:23:51 Epoch 44/50, Training Loss: 3.8739
10:23:53 Epoch 45/50, Training Loss: 3.8698
10:23:56 Epoch 46/50, Training Loss: 3.8706
10:23:58 Epoch 47/50, Training Loss: 3.8693
10:24:01 Epoch 48/50, Training Loss: 3.8749
10:24:03 Epoch 49/50, Training Loss: 3.8658
10:24:35 Epoch 50/50, Training Loss: 3.8623
10:24:35 Model training complete and best model saved --------------------------------

10:24:35 Testing model --------------------------------

10:24:40 Test loss on 2020 reconstructions: 5.6169
10:24:40 Model testing complete --------------------------------

10:24:40 Model testing complete --------------------------------

10:24:40 Fold 4/7: --------------------------------

10:24:40 Training model --------------------------------

10:24:47 Epoch 1/50, Training Loss: 44.3792
10:24:49 Epoch 2/50, Training Loss: 25.544
10:24:51 Epoch 3/50, Training Loss: 15.317
10:24:54 Epoch 4/50, Training Loss: 12.4535
10:24:57 Epoch 5/50, Training Loss: 8.6704
10:24:59 Epoch 6/50, Training Loss: 6.7797
10:25:02 Epoch 7/50, Training Loss: 5.7236
10:25:04 Epoch 8/50, Training Loss: 5.045
10:25:15 Epoch 9/50, Training Loss: 4.7978
10:25:40 Epoch 10/50, Training Loss: 4.5558
10:25:43 Epoch 11/50, Training Loss: 4.4417
10:25:45 Epoch 12/50, Training Loss: 4.3424
10:25:48 Epoch 13/50, Training Loss: 4.2874
10:25:51 Epoch 14/50, Training Loss: 4.2258
10:25:53 Epoch 15/50, Training Loss: 4.2036
10:25:56 Epoch 16/50, Training Loss: 4.1726
10:25:59 Epoch 17/50, Training Loss: 4.1703
10:26:01 Epoch 18/50, Training Loss: 4.1453
10:26:31 Epoch 19/50, Training Loss: 4.1426
10:26:37 Epoch 20/50, Training Loss: 4.1266
10:26:39 Epoch 21/50, Training Loss: 4.1297
10:26:42 Epoch 22/50, Training Loss: 4.118
10:26:45 Epoch 23/50, Training Loss: 4.122
10:26:47 Epoch 24/50, Training Loss: 4.11
10:26:50 Epoch 25/50, Training Loss: 4.1068
10:26:53 Epoch 26/50, Training Loss: 4.0953
10:26:55 Epoch 27/50, Training Loss: 4.0943
10:27:16 Epoch 28/50, Training Loss: 4.0839
10:27:32 Epoch 29/50, Training Loss: 4.0878
10:27:34 Epoch 30/50, Training Loss: 4.0794
10:27:37 Epoch 31/50, Training Loss: 4.085
10:27:39 Epoch 32/50, Training Loss: 4.0818
10:27:42 Epoch 33/50, Training Loss: 4.0845
10:27:45 Epoch 34/50, Training Loss: 4.0705
10:27:47 Epoch 35/50, Training Loss: 4.0669
10:27:50 Epoch 36/50, Training Loss: 4.0643
10:27:52 Epoch 37/50, Training Loss: 4.06
10:28:10 Epoch 38/50, Training Loss: 4.0553
10:28:28 Epoch 39/50, Training Loss: 4.0538
10:28:30 Epoch 40/50, Training Loss: 4.0606
10:28:32 Epoch 41/50, Training Loss: 4.0588
10:28:35 Epoch 42/50, Training Loss: 4.0634
10:28:38 Epoch 43/50, Training Loss: 4.0508
10:28:41 Epoch 44/50, Training Loss: 4.0485
10:28:43 Epoch 45/50, Training Loss: 4.0458
10:28:46 Epoch 46/50, Training Loss: 4.0454
10:28:48 Epoch 47/50, Training Loss: 4.0399
10:29:17 Epoch 48/50, Training Loss: 4.0415
10:29:23 Epoch 49/50, Training Loss: 4.0419
10:29:25 Epoch 50/50, Training Loss: 4.0468
10:29:25 Model training complete and best model saved --------------------------------

10:29:25 Testing model --------------------------------

10:29:26 Test loss on 2020 reconstructions: 3.7975
10:29:26 Model testing complete --------------------------------

10:29:27 Best model updated from this fold based on test loss.
10:29:27 Model testing complete --------------------------------

10:29:27 Fold 5/7: --------------------------------

10:29:27 Training model --------------------------------

10:29:32 Epoch 1/50, Training Loss: 44.4053
10:29:35 Epoch 2/50, Training Loss: 25.1179
10:29:37 Epoch 3/50, Training Loss: 14.4465
10:29:39 Epoch 4/50, Training Loss: 12.3519
10:30:08 Epoch 5/50, Training Loss: 9.9253
10:30:21 Epoch 6/50, Training Loss: 6.7101
10:30:24 Epoch 7/50, Training Loss: 6.8029
10:30:26 Epoch 8/50, Training Loss: 5.2238
10:30:29 Epoch 9/50, Training Loss: 5.1737
10:30:32 Epoch 10/50, Training Loss: 4.8372
10:30:35 Epoch 11/50, Training Loss: 4.4455
10:30:37 Epoch 12/50, Training Loss: 4.65
10:30:40 Epoch 13/50, Training Loss: 4.4291
10:30:42 Epoch 14/50, Training Loss: 4.3428
10:31:06 Epoch 15/50, Training Loss: 4.267
10:31:16 Epoch 16/50, Training Loss: 4.261
10:31:18 Epoch 17/50, Training Loss: 4.2241
10:31:20 Epoch 18/50, Training Loss: 4.1745
10:31:23 Epoch 19/50, Training Loss: 4.1707
10:31:26 Epoch 20/50, Training Loss: 4.1618
10:31:29 Epoch 21/50, Training Loss: 4.1344
10:31:32 Epoch 22/50, Training Loss: 4.1365
10:31:34 Epoch 23/50, Training Loss: 4.1248
10:31:36 Epoch 24/50, Training Loss: 4.1207
10:32:02 Epoch 25/50, Training Loss: 4.1112
10:32:12 Epoch 26/50, Training Loss: 4.1014
10:32:14 Epoch 27/50, Training Loss: 4.089
10:32:17 Epoch 28/50, Training Loss: 4.0821
10:32:19 Epoch 29/50, Training Loss: 4.0739
10:32:22 Epoch 30/50, Training Loss: 4.0659
10:32:25 Epoch 31/50, Training Loss: 4.0636
10:32:27 Epoch 32/50, Training Loss: 4.0525
10:32:30 Epoch 33/50, Training Loss: 4.0522
10:32:46 Epoch 34/50, Training Loss: 4.0456
10:33:04 Epoch 35/50, Training Loss: 4.0419
10:33:09 Epoch 36/50, Training Loss: 4.0415
10:33:11 Epoch 37/50, Training Loss: 4.0421
10:33:13 Epoch 38/50, Training Loss: 4.0371
10:33:16 Epoch 39/50, Training Loss: 4.0299
10:33:19 Epoch 40/50, Training Loss: 4.0229
10:33:22 Epoch 41/50, Training Loss: 4.0195
10:33:24 Epoch 42/50, Training Loss: 4.0097
10:33:27 Epoch 43/50, Training Loss: 4.0168
10:33:55 Epoch 44/50, Training Loss: 4.0056
10:34:04 Epoch 45/50, Training Loss: 4.0081
10:34:07 Epoch 46/50, Training Loss: 4.0067
10:34:09 Epoch 47/50, Training Loss: 4.0105
10:34:12 Epoch 48/50, Training Loss: 4.0033
10:34:15 Epoch 49/50, Training Loss: 3.9957
10:34:17 Epoch 50/50, Training Loss: 3.9911
10:34:17 Model training complete and best model saved --------------------------------

10:34:17 Testing model --------------------------------

10:34:18 Test loss on 2020 reconstructions: 4.6587
10:34:18 Model testing complete --------------------------------

10:34:18 Model testing complete --------------------------------

10:34:18 Fold 6/7: --------------------------------

10:34:18 Training model --------------------------------

10:34:22 Epoch 1/50, Training Loss: 44.5858
10:34:45 Epoch 2/50, Training Loss: 26.0411
10:35:00 Epoch 3/50, Training Loss: 15.3446
10:35:02 Epoch 4/50, Training Loss: 12.693
10:35:04 Epoch 5/50, Training Loss: 9.4573
10:35:07 Epoch 6/50, Training Loss: 6.829
10:35:10 Epoch 7/50, Training Loss: 6.3386
10:35:13 Epoch 8/50, Training Loss: 5.3645
10:35:15 Epoch 9/50, Training Loss: 5.2963
10:35:18 Epoch 10/50, Training Loss: 4.9372
10:35:20 Epoch 11/50, Training Loss: 4.6835
10:35:48 Epoch 12/50, Training Loss: 4.7529
10:35:57 Epoch 13/50, Training Loss: 4.5911
10:35:59 Epoch 14/50, Training Loss: 4.55
10:36:02 Epoch 15/50, Training Loss: 4.5287
10:36:04 Epoch 16/50, Training Loss: 4.474
10:36:07 Epoch 17/50, Training Loss: 4.4694
10:36:10 Epoch 18/50, Training Loss: 4.4396
10:36:13 Epoch 19/50, Training Loss: 4.4248
10:36:15 Epoch 20/50, Training Loss: 4.4197
10:36:25 Epoch 21/50, Training Loss: 4.4041
10:36:51 Epoch 22/50, Training Loss: 4.3975
10:36:53 Epoch 23/50, Training Loss: 4.3872
10:36:55 Epoch 24/50, Training Loss: 4.3831
10:36:58 Epoch 25/50, Training Loss: 4.376
10:37:01 Epoch 26/50, Training Loss: 4.3766
10:37:04 Epoch 27/50, Training Loss: 4.367
10:37:06 Epoch 28/50, Training Loss: 4.3614
10:37:09 Epoch 29/50, Training Loss: 4.3539
10:37:11 Epoch 30/50, Training Loss: 4.3486
10:37:45 Epoch 31/50, Training Loss: 4.3416
10:37:48 Epoch 32/50, Training Loss: 4.3391
10:37:50 Epoch 33/50, Training Loss: 4.3409
10:37:53 Epoch 34/50, Training Loss: 4.3397
10:37:55 Epoch 35/50, Training Loss: 4.3367
10:37:58 Epoch 36/50, Training Loss: 4.3293
10:38:01 Epoch 37/50, Training Loss: 4.322
10:38:03 Epoch 38/50, Training Loss: 4.3163
10:38:06 Epoch 39/50, Training Loss: 4.3105
10:38:25 Epoch 40/50, Training Loss: 4.3095
10:38:45 Epoch 41/50, Training Loss: 4.3089
10:38:50 Epoch 42/50, Training Loss: 4.314
10:38:52 Epoch 43/50, Training Loss: 4.3078
10:38:54 Epoch 44/50, Training Loss: 4.3031
10:38:57 Epoch 45/50, Training Loss: 4.2959
10:39:00 Epoch 46/50, Training Loss: 4.29
10:39:02 Epoch 47/50, Training Loss: 4.2858
10:39:05 Epoch 48/50, Training Loss: 4.2812
10:39:08 Epoch 49/50, Training Loss: 4.2766
10:39:20 Epoch 50/50, Training Loss: 4.274
10:39:20 Model training complete and best model saved --------------------------------

10:39:20 Testing model --------------------------------

10:39:23 Test loss on 2020 reconstructions: 2.3603
10:39:23 Model testing complete --------------------------------

10:39:26 Best model updated from this fold based on test loss.
10:39:26 Model testing complete --------------------------------

10:39:26 Fold 7/7: --------------------------------

10:39:26 Training model --------------------------------

10:39:50 Epoch 1/50, Training Loss: 44.6134
10:39:53 Epoch 2/50, Training Loss: 25.4411
10:39:55 Epoch 3/50, Training Loss: 14.9578
10:39:58 Epoch 4/50, Training Loss: 12.4196
10:40:01 Epoch 5/50, Training Loss: 8.8698
10:40:03 Epoch 6/50, Training Loss: 6.3532
10:40:06 Epoch 7/50, Training Loss: 5.9234
10:40:09 Epoch 8/50, Training Loss: 4.7024
10:40:16 Epoch 9/50, Training Loss: 4.5286
10:40:46 Epoch 10/50, Training Loss: 4.3106
10:40:48 Epoch 11/50, Training Loss: 3.9219
10:40:50 Epoch 12/50, Training Loss: 4.1026
10:40:53 Epoch 13/50, Training Loss: 3.9259
10:40:56 Epoch 14/50, Training Loss: 3.8199
10:40:58 Epoch 15/50, Training Loss: 3.7632
10:41:01 Epoch 16/50, Training Loss: 3.7199
10:41:04 Epoch 17/50, Training Loss: 3.7218
10:41:06 Epoch 18/50, Training Loss: 3.6772
10:41:36 Epoch 19/50, Training Loss: 3.6639
10:41:48 Epoch 20/50, Training Loss: 3.6589
10:41:50 Epoch 21/50, Training Loss: 3.6354
10:41:52 Epoch 22/50, Training Loss: 3.6288
10:41:55 Epoch 23/50, Training Loss: 3.6161
10:41:58 Epoch 24/50, Training Loss: 3.6056
10:42:00 Epoch 25/50, Training Loss: 3.5989
10:42:03 Epoch 26/50, Training Loss: 3.589
10:42:06 Epoch 27/50, Training Loss: 3.5828
10:42:08 Epoch 28/50, Training Loss: 3.5751
10:42:11 Epoch 29/50, Training Loss: 3.567
10:42:40 Epoch 30/50, Training Loss: 3.5606
10:42:47 Epoch 31/50, Training Loss: 3.5529
10:42:49 Epoch 32/50, Training Loss: 3.5456
10:42:52 Epoch 33/50, Training Loss: 3.5406
10:42:55 Epoch 34/50, Training Loss: 3.5353
10:42:57 Epoch 35/50, Training Loss: 3.5321
10:43:00 Epoch 36/50, Training Loss: 3.5291
10:43:03 Epoch 37/50, Training Loss: 3.5262
10:43:05 Epoch 38/50, Training Loss: 3.5197
10:43:18 Epoch 39/50, Training Loss: 3.5141
10:43:41 Epoch 40/50, Training Loss: 3.5075
10:43:44 Epoch 41/50, Training Loss: 3.5029
10:43:46 Epoch 42/50, Training Loss: 3.5001
10:43:48 Epoch 43/50, Training Loss: 3.4953
10:43:51 Epoch 44/50, Training Loss: 3.4916
10:43:54 Epoch 45/50, Training Loss: 3.4919
10:43:57 Epoch 46/50, Training Loss: 3.4854
10:43:59 Epoch 47/50, Training Loss: 3.4872
10:44:02 Epoch 48/50, Training Loss: 3.4825
10:44:26 Epoch 49/50, Training Loss: 3.4873
10:44:41 Epoch 50/50, Training Loss: 3.4841
10:44:41 Model training complete and best model saved --------------------------------

10:44:41 Testing model --------------------------------

10:44:42 Test loss on 2020 reconstructions: 7.9454
10:44:42 Model testing complete --------------------------------

10:44:42 Model testing complete --------------------------------

10:44:42 Best Fold: 6
10:44:42 Best Fold Training Indices: [0 1 2 4 5 6]
10:44:42 Best Fold Testing Indices: [3]
10:44:42 Best Fold Test Loss: 2.360250234603882
