13:51:39 Input tensor shape: torch.Size([1, 13, 3144])
13:51:40 shap_values shape: (13, 3144)

13:51:40 Input tensor shape: torch.Size([1, 13, 3144])
13:51:40 shap_values shape: (13, 3144)

13:51:40 Input tensor shape: torch.Size([1, 13, 3144])
13:51:41 shap_values shape: (13, 3144)

13:51:41 Input tensor shape: torch.Size([1, 13, 3144])
13:51:42 shap_values shape: (13, 3144)

13:51:42 Input tensor shape: torch.Size([1, 13, 3144])
13:51:42 shap_values shape: (13, 3144)

13:51:42 Input tensor shape: torch.Size([1, 13, 3144])
13:51:43 shap_values shape: (13, 3144)

13:51:43 Input tensor shape: torch.Size([1, 13, 3144])
13:51:43 shap_values shape: (13, 3144)

13:51:43 Input tensor shape: torch.Size([1, 13, 3144])
13:51:44 shap_values shape: (13, 3144)

13:51:44 Input tensor shape: torch.Size([1, 13, 3144])
13:51:44 shap_values shape: (13, 3144)

13:51:44 Input tensor shape: torch.Size([1, 13, 3144])
13:51:45 shap_values shape: (13, 3144)

13:51:45 Input tensor shape: torch.Size([1, 13, 3144])
13:51:45 shap_values shape: (13, 3144)

13:51:45 Input tensor shape: torch.Size([1, 13, 3144])
13:51:46 shap_values shape: (13, 3144)

13:51:46 Average SHAP Value for each variable:
13:51:46 Single-Parent Household: 0.0002
13:51:46 Limited English Ability: 0.0003
13:51:46 Group Quarters: 0.0003
13:51:46 Below Poverty: 0.0004
13:51:46 Minority Status: 0.0007
13:51:46 Mobile Homes: 0.0008
13:51:46 Unemployed: 0.0010
13:51:46 Aged 17 or Younger: 0.0010
13:51:46 No High School Diploma: 0.0011
13:51:46 Aged 65 or Older: 0.0012
13:51:46 No Vehicle: 0.0012
13:51:46 Multi-Unit Structures: 0.0012
13:51:46 Crowding: 0.0013
