15:55:34 Counties in EPL_POV but not in shape (excess data): [].
15:55:34 Counties in shape but not in EPL_POV (missing data): ['02063', '02066', '02158', '09110', '09120', '09130', '09140', '09150', '09160', '09170', '09180', '09190', '46102'].

15:55:34 Missing dataframe for EPL_POV:
15:55:34        FIPS  2014 EPL_POV  2015 EPL_POV  2016 EPL_POV  ...  2019 EPL_POV  2020 EPL_POV  2021 EPL_POV  2022 EPL_POV
72    02063            -9            -9            -9  ...            -9            -9            -9            -9
73    02066            -9            -9            -9  ...            -9            -9            -9            -9
83    02158            -9            -9            -9  ...            -9            -9            -9            -9
309   09110            -9            -9            -9  ...            -9            -9            -9            -9
310   09120            -9            -9            -9  ...            -9            -9            -9            -9
311   09130            -9            -9            -9  ...            -9            -9            -9            -9
312   09140            -9            -9            -9  ...            -9            -9            -9            -9
313   09150            -9            -9            -9  ...            -9            -9            -9            -9
314   09160            -9            -9            -9  ...            -9            -9            -9            -9
315   09170            -9            -9            -9  ...            -9            -9            -9            -9
316   09180            -9            -9            -9  ...            -9            -9            -9            -9
317   09190            -9            -9            -9  ...            -9            -9            -9            -9
2414  46102            -9            -9            -9  ...            -9            -9            -9            -9

[13 rows x 10 columns]
15:55:35 Counties in EPL_UNEMP but not in shape (excess data): [].
15:55:35 Counties in shape but not in EPL_UNEMP (missing data): ['02063', '02066', '02158', '09110', '09120', '09130', '09140', '09150', '09160', '09170', '09180', '09190', '46102'].

15:55:35 Missing dataframe for EPL_UNEMP:
15:55:35        FIPS  2014 EPL_UNEMP  2015 EPL_UNEMP  2016 EPL_UNEMP  ...  2019 EPL_UNEMP  2020 EPL_UNEMP  2021 EPL_UNEMP  2022 EPL_UNEMP
72    02063              -9              -9              -9  ...              -9              -9              -9              -9
73    02066              -9              -9              -9  ...              -9              -9              -9              -9
83    02158              -9              -9              -9  ...              -9              -9              -9              -9
309   09110              -9              -9              -9  ...              -9              -9              -9              -9
310   09120              -9              -9              -9  ...              -9              -9              -9              -9
311   09130              -9              -9              -9  ...              -9              -9              -9              -9
312   09140              -9              -9              -9  ...              -9              -9              -9              -9
313   09150              -9              -9              -9  ...              -9              -9              -9              -9
314   09160              -9              -9              -9  ...              -9              -9              -9              -9
315   09170              -9              -9              -9  ...              -9              -9              -9              -9
316   09180              -9              -9              -9  ...              -9              -9              -9              -9
317   09190              -9              -9              -9  ...              -9              -9              -9              -9
2414  46102              -9              -9              -9  ...              -9              -9              -9              -9

[13 rows x 10 columns]
15:55:36 Counties in EPL_NOHSDP but not in shape (excess data): [].
15:55:36 Counties in shape but not in EPL_NOHSDP (missing data): ['02063', '02066', '02158', '09110', '09120', '09130', '09140', '09150', '09160', '09170', '09180', '09190', '46102'].

15:55:36 Missing dataframe for EPL_NOHSDP:
15:55:36        FIPS  2014 EPL_NOHSDP  2015 EPL_NOHSDP  ...  2020 EPL_NOHSDP  2021 EPL_NOHSDP  2022 EPL_NOHSDP
72    02063               -9               -9  ...               -9               -9               -9
73    02066               -9               -9  ...               -9               -9               -9
83    02158               -9               -9  ...               -9               -9               -9
309   09110               -9               -9  ...               -9               -9               -9
310   09120               -9               -9  ...               -9               -9               -9
311   09130               -9               -9  ...               -9               -9               -9
312   09140               -9               -9  ...               -9               -9               -9
313   09150               -9               -9  ...               -9               -9               -9
314   09160               -9               -9  ...               -9               -9               -9
315   09170               -9               -9  ...               -9               -9               -9
316   09180               -9               -9  ...               -9               -9               -9
317   09190               -9               -9  ...               -9               -9               -9
2414  46102               -9               -9  ...               -9               -9               -9

[13 rows x 10 columns]
15:55:36 Counties in EPL_AGE65 but not in shape (excess data): [].
15:55:36 Counties in shape but not in EPL_AGE65 (missing data): ['02063', '02066', '02158', '09110', '09120', '09130', '09140', '09150', '09160', '09170', '09180', '09190', '46102'].

15:55:36 Missing dataframe for EPL_AGE65:
15:55:36        FIPS  2014 EPL_AGE65  2015 EPL_AGE65  2016 EPL_AGE65  ...  2019 EPL_AGE65  2020 EPL_AGE65  2021 EPL_AGE65  2022 EPL_AGE65
72    02063              -9              -9              -9  ...              -9              -9              -9              -9
73    02066              -9              -9              -9  ...              -9              -9              -9              -9
83    02158              -9              -9              -9  ...              -9              -9              -9              -9
309   09110              -9              -9              -9  ...              -9              -9              -9              -9
310   09120              -9              -9              -9  ...              -9              -9              -9              -9
311   09130              -9              -9              -9  ...              -9              -9              -9              -9
312   09140              -9              -9              -9  ...              -9              -9              -9              -9
313   09150              -9              -9              -9  ...              -9              -9              -9              -9
314   09160              -9              -9              -9  ...              -9              -9              -9              -9
315   09170              -9              -9              -9  ...              -9              -9              -9              -9
316   09180              -9              -9              -9  ...              -9              -9              -9              -9
317   09190              -9              -9              -9  ...              -9              -9              -9              -9
2414  46102              -9              -9              -9  ...              -9              -9              -9              -9

[13 rows x 10 columns]
15:55:37 Counties in EPL_AGE17 but not in shape (excess data): [].
15:55:37 Counties in shape but not in EPL_AGE17 (missing data): ['02063', '02066', '02158', '09110', '09120', '09130', '09140', '09150', '09160', '09170', '09180', '09190', '46102'].

15:55:37 Missing dataframe for EPL_AGE17:
15:55:37        FIPS  2014 EPL_AGE17  2015 EPL_AGE17  2016 EPL_AGE17  ...  2019 EPL_AGE17  2020 EPL_AGE17  2021 EPL_AGE17  2022 EPL_AGE17
72    02063              -9              -9              -9  ...              -9              -9              -9              -9
73    02066              -9              -9              -9  ...              -9              -9              -9              -9
83    02158              -9              -9              -9  ...              -9              -9              -9              -9
309   09110              -9              -9              -9  ...              -9              -9              -9              -9
310   09120              -9              -9              -9  ...              -9              -9              -9              -9
311   09130              -9              -9              -9  ...              -9              -9              -9              -9
312   09140              -9              -9              -9  ...              -9              -9              -9              -9
313   09150              -9              -9              -9  ...              -9              -9              -9              -9
314   09160              -9              -9              -9  ...              -9              -9              -9              -9
315   09170              -9              -9              -9  ...              -9              -9              -9              -9
316   09180              -9              -9              -9  ...              -9              -9              -9              -9
317   09190              -9              -9              -9  ...              -9              -9              -9              -9
2414  46102              -9              -9              -9  ...              -9              -9              -9              -9

[13 rows x 10 columns]
15:55:38 Counties in EPL_DISABL but not in shape (excess data): [].
15:55:38 Counties in shape but not in EPL_DISABL (missing data): ['02063', '02066', '02158', '09110', '09120', '09130', '09140', '09150', '09160', '09170', '09180', '09190', '46102'].

15:55:38 Missing dataframe for EPL_DISABL:
15:55:38        FIPS  2014 EPL_DISABL  2015 EPL_DISABL  ...  2020 EPL_DISABL  2021 EPL_DISABL  2022 EPL_DISABL
72    02063               -9               -9  ...               -9               -9               -9
73    02066               -9               -9  ...               -9               -9               -9
83    02158               -9               -9  ...               -9               -9               -9
309   09110               -9               -9  ...               -9               -9               -9
310   09120               -9               -9  ...               -9               -9               -9
311   09130               -9               -9  ...               -9               -9               -9
312   09140               -9               -9  ...               -9               -9               -9
313   09150               -9               -9  ...               -9               -9               -9
314   09160               -9               -9  ...               -9               -9               -9
315   09170               -9               -9  ...               -9               -9               -9
316   09180               -9               -9  ...               -9               -9               -9
317   09190               -9               -9  ...               -9               -9               -9
2414  46102               -9               -9  ...               -9               -9               -9

[13 rows x 10 columns]
15:55:39 Counties in EPL_SNGPNT but not in shape (excess data): [].
15:55:39 Counties in shape but not in EPL_SNGPNT (missing data): ['02063', '02066', '02158', '09110', '09120', '09130', '09140', '09150', '09160', '09170', '09180', '09190', '46102'].

15:55:39 Missing dataframe for EPL_SNGPNT:
15:55:39        FIPS  2014 EPL_SNGPNT  2015 EPL_SNGPNT  ...  2020 EPL_SNGPNT  2021 EPL_SNGPNT  2022 EPL_SNGPNT
72    02063               -9               -9  ...               -9               -9               -9
73    02066               -9               -9  ...               -9               -9               -9
83    02158               -9               -9  ...               -9               -9               -9
309   09110               -9               -9  ...               -9               -9               -9
310   09120               -9               -9  ...               -9               -9               -9
311   09130               -9               -9  ...               -9               -9               -9
312   09140               -9               -9  ...               -9               -9               -9
313   09150               -9               -9  ...               -9               -9               -9
314   09160               -9               -9  ...               -9               -9               -9
315   09170               -9               -9  ...               -9               -9               -9
316   09180               -9               -9  ...               -9               -9               -9
317   09190               -9               -9  ...               -9               -9               -9
2414  46102               -9               -9  ...               -9               -9               -9

[13 rows x 10 columns]
15:55:40 Counties in EPL_MINRTY but not in shape (excess data): [].
15:55:40 Counties in shape but not in EPL_MINRTY (missing data): ['02063', '02066', '02158', '09110', '09120', '09130', '09140', '09150', '09160', '09170', '09180', '09190', '46102'].

15:55:40 Missing dataframe for EPL_MINRTY:
15:55:40        FIPS  2014 EPL_MINRTY  2015 EPL_MINRTY  ...  2020 EPL_MINRTY  2021 EPL_MINRTY  2022 EPL_MINRTY
72    02063               -9               -9  ...               -9               -9               -9
73    02066               -9               -9  ...               -9               -9               -9
83    02158               -9               -9  ...               -9               -9               -9
309   09110               -9               -9  ...               -9               -9               -9
310   09120               -9               -9  ...               -9               -9               -9
311   09130               -9               -9  ...               -9               -9               -9
312   09140               -9               -9  ...               -9               -9               -9
313   09150               -9               -9  ...               -9               -9               -9
314   09160               -9               -9  ...               -9               -9               -9
315   09170               -9               -9  ...               -9               -9               -9
316   09180               -9               -9  ...               -9               -9               -9
317   09190               -9               -9  ...               -9               -9               -9
2414  46102               -9               -9  ...               -9               -9               -9

[13 rows x 10 columns]
15:55:41 Counties in EPL_LIMENG but not in shape (excess data): [].
15:55:41 Counties in shape but not in EPL_LIMENG (missing data): ['02063', '02066', '02158', '09110', '09120', '09130', '09140', '09150', '09160', '09170', '09180', '09190', '46102'].

15:55:41 Missing dataframe for EPL_LIMENG:
15:55:41        FIPS  2014 EPL_LIMENG  2015 EPL_LIMENG  ...  2020 EPL_LIMENG  2021 EPL_LIMENG  2022 EPL_LIMENG
72    02063               -9               -9  ...               -9               -9               -9
73    02066               -9               -9  ...               -9               -9               -9
83    02158               -9               -9  ...               -9               -9               -9
309   09110               -9               -9  ...               -9               -9               -9
310   09120               -9               -9  ...               -9               -9               -9
311   09130               -9               -9  ...               -9               -9               -9
312   09140               -9               -9  ...               -9               -9               -9
313   09150               -9               -9  ...               -9               -9               -9
314   09160               -9               -9  ...               -9               -9               -9
315   09170               -9               -9  ...               -9               -9               -9
316   09180               -9               -9  ...               -9               -9               -9
317   09190               -9               -9  ...               -9               -9               -9
2414  46102               -9               -9  ...               -9               -9               -9

[13 rows x 10 columns]
15:55:42 Counties in EPL_MUNIT but not in shape (excess data): [].
15:55:42 Counties in shape but not in EPL_MUNIT (missing data): ['02063', '02066', '02158', '09110', '09120', '09130', '09140', '09150', '09160', '09170', '09180', '09190', '46102'].

15:55:42 Missing dataframe for EPL_MUNIT:
15:55:42        FIPS  2014 EPL_MUNIT  2015 EPL_MUNIT  2016 EPL_MUNIT  ...  2019 EPL_MUNIT  2020 EPL_MUNIT  2021 EPL_MUNIT  2022 EPL_MUNIT
72    02063              -9              -9              -9  ...              -9              -9              -9              -9
73    02066              -9              -9              -9  ...              -9              -9              -9              -9
83    02158              -9              -9              -9  ...              -9              -9              -9              -9
309   09110              -9              -9              -9  ...              -9              -9              -9              -9
310   09120              -9              -9              -9  ...              -9              -9              -9              -9
311   09130              -9              -9              -9  ...              -9              -9              -9              -9
312   09140              -9              -9              -9  ...              -9              -9              -9              -9
313   09150              -9              -9              -9  ...              -9              -9              -9              -9
314   09160              -9              -9              -9  ...              -9              -9              -9              -9
315   09170              -9              -9              -9  ...              -9              -9              -9              -9
316   09180              -9              -9              -9  ...              -9              -9              -9              -9
317   09190              -9              -9              -9  ...              -9              -9              -9              -9
2414  46102              -9              -9              -9  ...              -9              -9              -9              -9

[13 rows x 10 columns]
15:55:43 Counties in EPL_MOBILE but not in shape (excess data): [].
15:55:43 Counties in shape but not in EPL_MOBILE (missing data): ['02063', '02066', '02158', '09110', '09120', '09130', '09140', '09150', '09160', '09170', '09180', '09190', '46102'].

15:55:43 Missing dataframe for EPL_MOBILE:
15:55:43        FIPS  2014 EPL_MOBILE  2015 EPL_MOBILE  ...  2020 EPL_MOBILE  2021 EPL_MOBILE  2022 EPL_MOBILE
72    02063               -9               -9  ...               -9               -9               -9
73    02066               -9               -9  ...               -9               -9               -9
83    02158               -9               -9  ...               -9               -9               -9
309   09110               -9               -9  ...               -9               -9               -9
310   09120               -9               -9  ...               -9               -9               -9
311   09130               -9               -9  ...               -9               -9               -9
312   09140               -9               -9  ...               -9               -9               -9
313   09150               -9               -9  ...               -9               -9               -9
314   09160               -9               -9  ...               -9               -9               -9
315   09170               -9               -9  ...               -9               -9               -9
316   09180               -9               -9  ...               -9               -9               -9
317   09190               -9               -9  ...               -9               -9               -9
2414  46102               -9               -9  ...               -9               -9               -9

[13 rows x 10 columns]
15:55:43 Counties in EPL_CROWD but not in shape (excess data): [].
15:55:43 Counties in shape but not in EPL_CROWD (missing data): ['02063', '02066', '02158', '09110', '09120', '09130', '09140', '09150', '09160', '09170', '09180', '09190', '46102'].

15:55:43 Missing dataframe for EPL_CROWD:
15:55:43        FIPS  2014 EPL_CROWD  2015 EPL_CROWD  2016 EPL_CROWD  ...  2019 EPL_CROWD  2020 EPL_CROWD  2021 EPL_CROWD  2022 EPL_CROWD
72    02063              -9              -9              -9  ...              -9              -9              -9              -9
73    02066              -9              -9              -9  ...              -9              -9              -9              -9
83    02158              -9              -9              -9  ...              -9              -9              -9              -9
309   09110              -9              -9              -9  ...              -9              -9              -9              -9
310   09120              -9              -9              -9  ...              -9              -9              -9              -9
311   09130              -9              -9              -9  ...              -9              -9              -9              -9
312   09140              -9              -9              -9  ...              -9              -9              -9              -9
313   09150              -9              -9              -9  ...              -9              -9              -9              -9
314   09160              -9              -9              -9  ...              -9              -9              -9              -9
315   09170              -9              -9              -9  ...              -9              -9              -9              -9
316   09180              -9              -9              -9  ...              -9              -9              -9              -9
317   09190              -9              -9              -9  ...              -9              -9              -9              -9
2414  46102              -9              -9              -9  ...              -9              -9              -9              -9

[13 rows x 10 columns]
15:55:44 Counties in EPL_NOVEH but not in shape (excess data): [].
15:55:44 Counties in shape but not in EPL_NOVEH (missing data): ['02063', '02066', '02158', '09110', '09120', '09130', '09140', '09150', '09160', '09170', '09180', '09190', '46102'].

15:55:44 Missing dataframe for EPL_NOVEH:
15:55:44        FIPS  2014 EPL_NOVEH  2015 EPL_NOVEH  2016 EPL_NOVEH  ...  2019 EPL_NOVEH  2020 EPL_NOVEH  2021 EPL_NOVEH  2022 EPL_NOVEH
72    02063              -9              -9              -9  ...              -9              -9              -9              -9
73    02066              -9              -9              -9  ...              -9              -9              -9              -9
83    02158              -9              -9              -9  ...              -9              -9              -9              -9
309   09110              -9              -9              -9  ...              -9              -9              -9              -9
310   09120              -9              -9              -9  ...              -9              -9              -9              -9
311   09130              -9              -9              -9  ...              -9              -9              -9              -9
312   09140              -9              -9              -9  ...              -9              -9              -9              -9
313   09150              -9              -9              -9  ...              -9              -9              -9              -9
314   09160              -9              -9              -9  ...              -9              -9              -9              -9
315   09170              -9              -9              -9  ...              -9              -9              -9              -9
316   09180              -9              -9              -9  ...              -9              -9              -9              -9
317   09190              -9              -9              -9  ...              -9              -9              -9              -9
2414  46102              -9              -9              -9  ...              -9              -9              -9              -9

[13 rows x 10 columns]
15:55:45 Counties in EPL_GROUPQ but not in shape (excess data): [].
15:55:45 Counties in shape but not in EPL_GROUPQ (missing data): ['02063', '02066', '02158', '09110', '09120', '09130', '09140', '09150', '09160', '09170', '09180', '09190', '46102'].

15:55:45 Missing dataframe for EPL_GROUPQ:
15:55:45        FIPS  2014 EPL_GROUPQ  2015 EPL_GROUPQ  ...  2020 EPL_GROUPQ  2021 EPL_GROUPQ  2022 EPL_GROUPQ
72    02063               -9               -9  ...               -9               -9               -9
73    02066               -9               -9  ...               -9               -9               -9
83    02158               -9               -9  ...               -9               -9               -9
309   09110               -9               -9  ...               -9               -9               -9
310   09120               -9               -9  ...               -9               -9               -9
311   09130               -9               -9  ...               -9               -9               -9
312   09140               -9               -9  ...               -9               -9               -9
313   09150               -9               -9  ...               -9               -9               -9
314   09160               -9               -9  ...               -9               -9               -9
315   09170               -9               -9  ...               -9               -9               -9
316   09180               -9               -9  ...               -9               -9               -9
317   09190               -9               -9  ...               -9               -9               -9
2414  46102               -9               -9  ...               -9               -9               -9

[13 rows x 10 columns]
