    Year  Avg Error  Max Error Avg Accuracy     MSE    R2  MedAE
0   2011       5.98     105.56       94.34%   78.55  0.44   4.29
1   2012       5.81      71.47       91.87%   69.26  0.41   4.27
2   2013       6.03      83.29       92.76%   71.99  0.35   4.47
3   2014       6.53      80.05       91.84%   83.21  0.43   4.83
4   2015       6.81     108.24       93.71%   95.28  0.39   4.99
5   2016       7.99     100.70       92.07%  122.78  0.42   6.01
6   2017       8.68     123.33       92.96%  148.33  0.40   6.32
7   2018       8.31      95.86       91.33%  125.10  0.41   6.48
8   2019       8.58      95.99       91.06%  137.33  0.38   6.54
9   2020      10.99     125.83       91.26%  235.64  0.43   8.10
10  2021      13.38     157.08       91.48%  336.71  0.41  10.21
11  2022      12.74     235.97        94.6%  322.78  0.40   9.45

    FIPS  2022 Absolute Errors
0  55078                235.97
1  54047                 98.15
2  21011                 96.85
3  35039                 91.55
4  39163                 90.91
5  55083                 87.10
6  51670                 85.14
7  54019                 80.85
8  21063                 78.50
9  54011                 76.07
